<?xml version="1.0" encoding="UTF-8"?>
<testng-results skipped="0" failed="0" total="1" passed="1">
  <reporter-output>
  </reporter-output>
  <suite name="Default suite" duration-ms="40" started-at="2017-01-20T18:20:30Z" finished-at="2017-01-20T18:20:30Z">
    <groups>
    </groups>
    <test name="Default test" duration-ms="40" started-at="2017-01-20T18:20:30Z" finished-at="2017-01-20T18:20:30Z">
      <class name="com.rb.demoJenkins.DemoJenkinsJobs">
        <test-method status="PASS" signature="testJenkins()[pri:0, instance:com.rb.demoJenkins.DemoJenkinsJobs@5c7fa833]" name="testJenkins" duration-ms="13" started-at="2017-01-20T10:20:30Z" finished-at="2017-01-20T10:20:30Z">
          <reporter-output>
          </reporter-output>
        </test-method> <!-- testJenkins -->
      </class> <!-- com.rb.demoJenkins.DemoJenkinsJobs -->
    </test> <!-- Default test -->
  </suite> <!-- Default suite -->
</testng-results>
